{"uuid":"3208ce9b-9066-4fa0-88c1-fae87ec1c664","historyId":"5cbc18457115c4ac5fd0ec537353b2ba","fullName":"TestSuite.TestSuite.testCase3","labels":[{"name":"package","value":"TestSuite.TestSuite"},{"name":"testClass","value":"TestSuite.TestSuite"},{"name":"testMethod","value":"testCase3"},{"name":"parentSuite","value":"Default Suite"},{"name":"suite","value":"amazonTests"},{"name":"subSuite","value":"TestSuite.TestSuite"},{"name":"host","value":"DESKTOP-FFOVFVO"},{"name":"thread","value":"7868@DESKTOP-FFOVFVO.main(1)"},{"name":"framework","value":"testng"},{"name":"language","value":"java"}],"links":[],"name":"testCase3","status":"broken","statusDetails":{"known":false,"muted":false,"flaky":false,"message":"no such element: Unable to locate element: {\"method\":\"css selector\",\"selector\":\"#search > div.s-desktop-width-max.s-desktop-content.s-opposite-dir.sg-row > div.s-matching-dir.sg-col-16-of-20.sg-col.sg-col-8-of-12.sg-col-12-of-16 > div > span:nth-child(4) > div.s-main-slot.s-result-list.s-search-results.sg-row > div:nth-child(2) > div > div > div > div > div > div.sg-col.sg-col-4-of-12.sg-col-8-of-16.sg-col-12-of-20.s-list-col-right > div > div > div.a-section.a-spacing-none.puis-padding-right-small.s-title-instructions-style > h2 > a\"}\n  (Session info: chrome=107.0.5304.107)\nFor documentation on this error, please visit: https://selenium.dev/exceptions/#no_such_element\nBuild info: version: '4.4.0', revision: 'e5c75ed026a'\nSystem info: host: 'DESKTOP-FFOVFVO', ip: '172.21.96.1', os.name: 'Windows 10', os.arch: 'amd64', os.version: '10.0', java.version: '11.0.16.1'\nDriver info: org.openqa.selenium.chrome.ChromeDriver\nCommand: [c5a6a160ea52c262ae7650966a8b7bf6, findElement {using=css selector, value=#search > div.s-desktop-width-max.s-desktop-content.s-opposite-dir.sg-row > div.s-matching-dir.sg-col-16-of-20.sg-col.sg-col-8-of-12.sg-col-12-of-16 > div > span:nth-child(4) > div.s-main-slot.s-result-list.s-search-results.sg-row > div:nth-child(2) > div > div > div > div > div > div.sg-col.sg-col-4-of-12.sg-col-8-of-16.sg-col-12-of-20.s-list-col-right > div > div > div.a-section.a-spacing-none.puis-padding-right-small.s-title-instructions-style > h2 > a}]\nCapabilities {acceptInsecureCerts: false, browserName: chrome, browserVersion: 107.0.5304.107, chrome: {chromedriverVersion: 107.0.5304.62 (1eec40d3a576..., userDataDir: C:\\Users\\itays\\AppData\\Loca...}, goog:chromeOptions: {debuggerAddress: localhost:63328}, networkConnectionEnabled: false, pageLoadStrategy: normal, platformName: WINDOWS, proxy: Proxy(), se:cdp: ws://localhost:63328/devtoo..., se:cdpVersion: 107.0.5304.107, setWindowRect: true, strictFileInteractability: false, timeouts: {implicit: 0, pageLoad: 300000, script: 30000}, unhandledPromptBehavior: dismiss and notify, webauthn:extension:credBlob: true, webauthn:extension:largeBlob: true, webauthn:virtualAuthenticators: true}\nSession ID: c5a6a160ea52c262ae7650966a8b7bf6","trace":"org.openqa.selenium.NoSuchElementException: no such element: Unable to locate element: {\"method\":\"css selector\",\"selector\":\"#search > div.s-desktop-width-max.s-desktop-content.s-opposite-dir.sg-row > div.s-matching-dir.sg-col-16-of-20.sg-col.sg-col-8-of-12.sg-col-12-of-16 > div > span:nth-child(4) > div.s-main-slot.s-result-list.s-search-results.sg-row > div:nth-child(2) > div > div > div > div > div > div.sg-col.sg-col-4-of-12.sg-col-8-of-16.sg-col-12-of-20.s-list-col-right > div > div > div.a-section.a-spacing-none.puis-padding-right-small.s-title-instructions-style > h2 > a\"}\n  (Session info: chrome=107.0.5304.107)\nFor documentation on this error, please visit: https://selenium.dev/exceptions/#no_such_element\nBuild info: version: '4.4.0', revision: 'e5c75ed026a'\nSystem info: host: 'DESKTOP-FFOVFVO', ip: '172.21.96.1', os.name: 'Windows 10', os.arch: 'amd64', os.version: '10.0', java.version: '11.0.16.1'\nDriver info: org.openqa.selenium.chrome.ChromeDriver\nCommand: [c5a6a160ea52c262ae7650966a8b7bf6, findElement {using=css selector, value=#search > div.s-desktop-width-max.s-desktop-content.s-opposite-dir.sg-row > div.s-matching-dir.sg-col-16-of-20.sg-col.sg-col-8-of-12.sg-col-12-of-16 > div > span:nth-child(4) > div.s-main-slot.s-result-list.s-search-results.sg-row > div:nth-child(2) > div > div > div > div > div > div.sg-col.sg-col-4-of-12.sg-col-8-of-16.sg-col-12-of-20.s-list-col-right > div > div > div.a-section.a-spacing-none.puis-padding-right-small.s-title-instructions-style > h2 > a}]\nCapabilities {acceptInsecureCerts: false, browserName: chrome, browserVersion: 107.0.5304.107, chrome: {chromedriverVersion: 107.0.5304.62 (1eec40d3a576..., userDataDir: C:\\Users\\itays\\AppData\\Loca...}, goog:chromeOptions: {debuggerAddress: localhost:63328}, networkConnectionEnabled: false, pageLoadStrategy: normal, platformName: WINDOWS, proxy: Proxy(), se:cdp: ws://localhost:63328/devtoo..., se:cdpVersion: 107.0.5304.107, setWindowRect: true, strictFileInteractability: false, timeouts: {implicit: 0, pageLoad: 300000, script: 30000}, unhandledPromptBehavior: dismiss and notify, webauthn:extension:credBlob: true, webauthn:extension:largeBlob: true, webauthn:virtualAuthenticators: true}\nSession ID: c5a6a160ea52c262ae7650966a8b7bf6\r\n\tat java.base/jdk.internal.reflect.NativeConstructorAccessorImpl.newInstance0(Native Method)\r\n\tat java.base/jdk.internal.reflect.NativeConstructorAccessorImpl.newInstance(NativeConstructorAccessorImpl.java:62)\r\n\tat java.base/jdk.internal.reflect.DelegatingConstructorAccessorImpl.newInstance(DelegatingConstructorAccessorImpl.java:45)\r\n\tat java.base/java.lang.reflect.Constructor.newInstance(Constructor.java:490)\r\n\tat org.openqa.selenium.remote.codec.w3c.W3CHttpResponseCodec.createException(W3CHttpResponseCodec.java:200)\r\n\tat org.openqa.selenium.remote.codec.w3c.W3CHttpResponseCodec.decode(W3CHttpResponseCodec.java:133)\r\n\tat org.openqa.selenium.remote.codec.w3c.W3CHttpResponseCodec.decode(W3CHttpResponseCodec.java:53)\r\n\tat org.openqa.selenium.remote.HttpCommandExecutor.execute(HttpCommandExecutor.java:184)\r\n\tat org.openqa.selenium.remote.service.DriverCommandExecutor.invokeExecute(DriverCommandExecutor.java:167)\r\n\tat org.openqa.selenium.remote.service.DriverCommandExecutor.execute(DriverCommandExecutor.java:142)\r\n\tat org.openqa.selenium.remote.RemoteWebDriver.execute(RemoteWebDriver.java:547)\r\n\tat org.openqa.selenium.remote.ElementLocation$ElementFinder$2.findElement(ElementLocation.java:162)\r\n\tat org.openqa.selenium.remote.ElementLocation.findElement(ElementLocation.java:60)\r\n\tat org.openqa.selenium.remote.RemoteWebDriver.findElement(RemoteWebDriver.java:365)\r\n\tat org.openqa.selenium.remote.RemoteWebDriver.findElement(RemoteWebDriver.java:357)\r\n\tat Utilities.BaseMethods.findElement(BaseMethods.java:52)\r\n\tat Utilities.BaseMethods.click(BaseMethods.java:89)\r\n\tat Pages.PageAmazonHome.clickFirstResult(PageAmazonHome.java:50)\r\n\tat Tests.TestPageAmazonHome.case1_RunSearchItem1(TestPageAmazonHome.java:49)\r\n\tat Tests.TestPageAmazonShoppingCart.runTestcase3(TestPageAmazonShoppingCart.java:28)\r\n\tat TestSuite.TestSuite.testCase3(TestSuite.java:41)\r\n\tat java.base/jdk.internal.reflect.NativeMethodAccessorImpl.invoke0(Native Method)\r\n\tat java.base/jdk.internal.reflect.NativeMethodAccessorImpl.invoke(NativeMethodAccessorImpl.java:62)\r\n\tat java.base/jdk.internal.reflect.DelegatingMethodAccessorImpl.invoke(DelegatingMethodAccessorImpl.java:43)\r\n\tat java.base/java.lang.reflect.Method.invoke(Method.java:566)\r\n\tat org.testng.internal.invokers.MethodInvocationHelper.invokeMethod(MethodInvocationHelper.java:139)\r\n\tat org.testng.internal.invokers.TestInvoker.invokeMethod(TestInvoker.java:677)\r\n\tat org.testng.internal.invokers.TestInvoker.invokeTestMethod(TestInvoker.java:221)\r\n\tat org.testng.internal.invokers.MethodRunner.runInSequence(MethodRunner.java:50)\r\n\tat org.testng.internal.invokers.TestInvoker$MethodInvocationAgent.invoke(TestInvoker.java:962)\r\n\tat org.testng.internal.invokers.TestInvoker.invokeTestMethods(TestInvoker.java:194)\r\n\tat org.testng.internal.invokers.TestMethodWorker.invokeTestMethods(TestMethodWorker.java:148)\r\n\tat org.testng.internal.invokers.TestMethodWorker.run(TestMethodWorker.java:128)\r\n\tat java.base/java.util.ArrayList.forEach(ArrayList.java:1541)\r\n\tat org.testng.TestRunner.privateRun(TestRunner.java:806)\r\n\tat org.testng.TestRunner.run(TestRunner.java:601)\r\n\tat org.testng.SuiteRunner.runTest(SuiteRunner.java:433)\r\n\tat org.testng.SuiteRunner.runSequentially(SuiteRunner.java:427)\r\n\tat org.testng.SuiteRunner.privateRun(SuiteRunner.java:387)\r\n\tat org.testng.SuiteRunner.run(SuiteRunner.java:330)\r\n\tat org.testng.SuiteRunnerWorker.runSuite(SuiteRunnerWorker.java:52)\r\n\tat org.testng.SuiteRunnerWorker.run(SuiteRunnerWorker.java:95)\r\n\tat org.testng.TestNG.runSuitesSequentially(TestNG.java:1256)\r\n\tat org.testng.TestNG.runSuitesLocally(TestNG.java:1176)\r\n\tat org.testng.TestNG.runSuites(TestNG.java:1099)\r\n\tat org.testng.TestNG.run(TestNG.java:1067)\r\n\tat com.intellij.rt.testng.IDEARemoteTestNG.run(IDEARemoteTestNG.java:66)\r\n\tat com.intellij.rt.testng.RemoteTestNGStarter.main(RemoteTestNGStarter.java:109)\r\n"},"stage":"finished","description":"Enter Items Properties in srach filed and enter to shopping cart","steps":[{"name":"visit Amazon","status":"passed","stage":"finished","steps":[],"attachments":[{"name":"visit Amazon","source":"4057407a-1a15-4c64-bd92-eed5b953198e-attachment"}],"parameters":[],"start":1669235284965,"stop":1669235292455},{"name":"click Filed Search","status":"passed","stage":"finished","steps":[],"attachments":[{"name":"click Filed Search","source":"db774aff-9d02-41c9-a231-dc824a13ff82-attachment"}],"parameters":[],"start":1669235292456,"stop":1669235293751},{"name":"read Excel Search Item 1","status":"passed","stage":"finished","steps":[],"attachments":[{"name":"read Excel Search Item 1","source":"d5de610e-c3f8-4132-a0c8-210e539708c0-attachment"}],"parameters":[{"name":"excelPath","value":"C:/Users/itays/IdeaProjects/Amazon/src/main/java/DataBase/AmazonData.xlsx"}],"start":1669235293763,"stop":1669235300833},{"name":"get Excel Matrix_nXm","status":"passed","stage":"finished","steps":[],"attachments":[{"name":"get Excel Matrix_nXm","source":"b4091c4a-4c54-44ea-9185-21208f2eca90-attachment"}],"parameters":[{"name":"sheetNumber","value":"0"},{"name":"row1","value":"1"},{"name":"col1","value":"1"}],"start":1669235300835,"stop":1669235316818},{"name":"get Word Results","status":"passed","stage":"finished","steps":[],"attachments":[{"name":"get Word Results","source":"f15c740a-c38d-4a06-81e9-7775ececbbb3-attachment"}],"parameters":[],"start":1669235316820,"stop":1669235317453},{"name":"choose Books Side Tool Bar","status":"passed","stage":"finished","steps":[],"attachments":[{"name":"choose Books Side Tool Bar","source":"7833330c-8322-43a2-baa7-5739167bafd5-attachment"}],"parameters":[],"start":1669235317453,"stop":1669235326941},{"name":"click First Result","status":"broken","statusDetails":{"known":false,"muted":false,"flaky":false,"message":"no such element: Unable to locate element: {\"method\":\"css selector\",\"selector\":\"#search > div.s-desktop-width-max.s-desktop-content.s-opposite-dir.sg-row > div.s-matching-dir.sg-col-16-of-20.sg-col.sg-col-8-of-12.sg-col-12-of-16 > div > span:nth-child(4) > div.s-main-slot.s-result-list.s-search-results.sg-row > div:nth-child(2) > div > div > div > div > div > div.sg-col.sg-col-4-of-12.sg-col-8-of-16.sg-col-12-of-20.s-list-col-right > div > div > div.a-section.a-spacing-none.puis-padding-right-small.s-title-instructions-style > h2 > a\"}\n  (Session info: chrome=107.0.5304.107)\nFor documentation on this error, please visit: https://selenium.dev/exceptions/#no_such_element\nBuild info: version: '4.4.0', revision: 'e5c75ed026a'\nSystem info: host: 'DESKTOP-FFOVFVO', ip: '172.21.96.1', os.name: 'Windows 10', os.arch: 'amd64', os.version: '10.0', java.version: '11.0.16.1'\nDriver info: org.openqa.selenium.chrome.ChromeDriver\nCommand: [c5a6a160ea52c262ae7650966a8b7bf6, findElement {using=css selector, value=#search > div.s-desktop-width-max.s-desktop-content.s-opposite-dir.sg-row > div.s-matching-dir.sg-col-16-of-20.sg-col.sg-col-8-of-12.sg-col-12-of-16 > div > span:nth-child(4) > div.s-main-slot.s-result-list.s-search-results.sg-row > div:nth-child(2) > div > div > div > div > div > div.sg-col.sg-col-4-of-12.sg-col-8-of-16.sg-col-12-of-20.s-list-col-right > div > div > div.a-section.a-spacing-none.puis-padding-right-small.s-title-instructions-style > h2 > a}]\nCapabilities {acceptInsecureCerts: false, browserName: chrome, browserVersion: 107.0.5304.107, chrome: {chromedriverVersion: 107.0.5304.62 (1eec40d3a576..., userDataDir: C:\\Users\\itays\\AppData\\Loca...}, goog:chromeOptions: {debuggerAddress: localhost:63328}, networkConnectionEnabled: false, pageLoadStrategy: normal, platformName: WINDOWS, proxy: Proxy(), se:cdp: ws://localhost:63328/devtoo..., se:cdpVersion: 107.0.5304.107, setWindowRect: true, strictFileInteractability: false, timeouts: {implicit: 0, pageLoad: 300000, script: 30000}, unhandledPromptBehavior: dismiss and notify, webauthn:extension:credBlob: true, webauthn:extension:largeBlob: true, webauthn:virtualAuthenticators: true}\nSession ID: c5a6a160ea52c262ae7650966a8b7bf6","trace":"org.openqa.selenium.NoSuchElementException: no such element: Unable to locate element: {\"method\":\"css selector\",\"selector\":\"#search > div.s-desktop-width-max.s-desktop-content.s-opposite-dir.sg-row > div.s-matching-dir.sg-col-16-of-20.sg-col.sg-col-8-of-12.sg-col-12-of-16 > div > span:nth-child(4) > div.s-main-slot.s-result-list.s-search-results.sg-row > div:nth-child(2) > div > div > div > div > div > div.sg-col.sg-col-4-of-12.sg-col-8-of-16.sg-col-12-of-20.s-list-col-right > div > div > div.a-section.a-spacing-none.puis-padding-right-small.s-title-instructions-style > h2 > a\"}\n  (Session info: chrome=107.0.5304.107)\nFor documentation on this error, please visit: https://selenium.dev/exceptions/#no_such_element\nBuild info: version: '4.4.0', revision: 'e5c75ed026a'\nSystem info: host: 'DESKTOP-FFOVFVO', ip: '172.21.96.1', os.name: 'Windows 10', os.arch: 'amd64', os.version: '10.0', java.version: '11.0.16.1'\nDriver info: org.openqa.selenium.chrome.ChromeDriver\nCommand: [c5a6a160ea52c262ae7650966a8b7bf6, findElement {using=css selector, value=#search > div.s-desktop-width-max.s-desktop-content.s-opposite-dir.sg-row > div.s-matching-dir.sg-col-16-of-20.sg-col.sg-col-8-of-12.sg-col-12-of-16 > div > span:nth-child(4) > div.s-main-slot.s-result-list.s-search-results.sg-row > div:nth-child(2) > div > div > div > div > div > div.sg-col.sg-col-4-of-12.sg-col-8-of-16.sg-col-12-of-20.s-list-col-right > div > div > div.a-section.a-spacing-none.puis-padding-right-small.s-title-instructions-style > h2 > a}]\nCapabilities {acceptInsecureCerts: false, browserName: chrome, browserVersion: 107.0.5304.107, chrome: {chromedriverVersion: 107.0.5304.62 (1eec40d3a576..., userDataDir: C:\\Users\\itays\\AppData\\Loca...}, goog:chromeOptions: {debuggerAddress: localhost:63328}, networkConnectionEnabled: false, pageLoadStrategy: normal, platformName: WINDOWS, proxy: Proxy(), se:cdp: ws://localhost:63328/devtoo..., se:cdpVersion: 107.0.5304.107, setWindowRect: true, strictFileInteractability: false, timeouts: {implicit: 0, pageLoad: 300000, script: 30000}, unhandledPromptBehavior: dismiss and notify, webauthn:extension:credBlob: true, webauthn:extension:largeBlob: true, webauthn:virtualAuthenticators: true}\nSession ID: c5a6a160ea52c262ae7650966a8b7bf6\r\n\tat java.base/jdk.internal.reflect.NativeConstructorAccessorImpl.newInstance0(Native Method)\r\n\tat java.base/jdk.internal.reflect.NativeConstructorAccessorImpl.newInstance(NativeConstructorAccessorImpl.java:62)\r\n\tat java.base/jdk.internal.reflect.DelegatingConstructorAccessorImpl.newInstance(DelegatingConstructorAccessorImpl.java:45)\r\n\tat java.base/java.lang.reflect.Constructor.newInstance(Constructor.java:490)\r\n\tat org.openqa.selenium.remote.codec.w3c.W3CHttpResponseCodec.createException(W3CHttpResponseCodec.java:200)\r\n\tat org.openqa.selenium.remote.codec.w3c.W3CHttpResponseCodec.decode(W3CHttpResponseCodec.java:133)\r\n\tat org.openqa.selenium.remote.codec.w3c.W3CHttpResponseCodec.decode(W3CHttpResponseCodec.java:53)\r\n\tat org.openqa.selenium.remote.HttpCommandExecutor.execute(HttpCommandExecutor.java:184)\r\n\tat org.openqa.selenium.remote.service.DriverCommandExecutor.invokeExecute(DriverCommandExecutor.java:167)\r\n\tat org.openqa.selenium.remote.service.DriverCommandExecutor.execute(DriverCommandExecutor.java:142)\r\n\tat org.openqa.selenium.remote.RemoteWebDriver.execute(RemoteWebDriver.java:547)\r\n\tat org.openqa.selenium.remote.ElementLocation$ElementFinder$2.findElement(ElementLocation.java:162)\r\n\tat org.openqa.selenium.remote.ElementLocation.findElement(ElementLocation.java:60)\r\n\tat org.openqa.selenium.remote.RemoteWebDriver.findElement(RemoteWebDriver.java:365)\r\n\tat org.openqa.selenium.remote.RemoteWebDriver.findElement(RemoteWebDriver.java:357)\r\n\tat Utilities.BaseMethods.findElement(BaseMethods.java:52)\r\n\tat Utilities.BaseMethods.click(BaseMethods.java:89)\r\n\tat Pages.PageAmazonHome.clickFirstResult(PageAmazonHome.java:50)\r\n\tat Tests.TestPageAmazonHome.case1_RunSearchItem1(TestPageAmazonHome.java:49)\r\n\tat Tests.TestPageAmazonShoppingCart.runTestcase3(TestPageAmazonShoppingCart.java:28)\r\n\tat TestSuite.TestSuite.testCase3(TestSuite.java:41)\r\n\tat java.base/jdk.internal.reflect.NativeMethodAccessorImpl.invoke0(Native Method)\r\n\tat java.base/jdk.internal.reflect.NativeMethodAccessorImpl.invoke(NativeMethodAccessorImpl.java:62)\r\n\tat java.base/jdk.internal.reflect.DelegatingMethodAccessorImpl.invoke(DelegatingMethodAccessorImpl.java:43)\r\n\tat java.base/java.lang.reflect.Method.invoke(Method.java:566)\r\n\tat org.testng.internal.invokers.MethodInvocationHelper.invokeMethod(MethodInvocationHelper.java:139)\r\n\tat org.testng.internal.invokers.TestInvoker.invokeMethod(TestInvoker.java:677)\r\n\tat org.testng.internal.invokers.TestInvoker.invokeTestMethod(TestInvoker.java:221)\r\n\tat org.testng.internal.invokers.MethodRunner.runInSequence(MethodRunner.java:50)\r\n\tat org.testng.internal.invokers.TestInvoker$MethodInvocationAgent.invoke(TestInvoker.java:962)\r\n\tat org.testng.internal.invokers.TestInvoker.invokeTestMethods(TestInvoker.java:194)\r\n\tat org.testng.internal.invokers.TestMethodWorker.invokeTestMethods(TestMethodWorker.java:148)\r\n\tat org.testng.internal.invokers.TestMethodWorker.run(TestMethodWorker.java:128)\r\n\tat java.base/java.util.ArrayList.forEach(ArrayList.java:1541)\r\n\tat org.testng.TestRunner.privateRun(TestRunner.java:806)\r\n\tat org.testng.TestRunner.run(TestRunner.java:601)\r\n\tat org.testng.SuiteRunner.runTest(SuiteRunner.java:433)\r\n\tat org.testng.SuiteRunner.runSequentially(SuiteRunner.java:427)\r\n\tat org.testng.SuiteRunner.privateRun(SuiteRunner.java:387)\r\n\tat org.testng.SuiteRunner.run(SuiteRunner.java:330)\r\n\tat org.testng.SuiteRunnerWorker.runSuite(SuiteRunnerWorker.java:52)\r\n\tat org.testng.SuiteRunnerWorker.run(SuiteRunnerWorker.java:95)\r\n\tat org.testng.TestNG.runSuitesSequentially(TestNG.java:1256)\r\n\tat org.testng.TestNG.runSuitesLocally(TestNG.java:1176)\r\n\tat org.testng.TestNG.runSuites(TestNG.java:1099)\r\n\tat org.testng.TestNG.run(TestNG.java:1067)\r\n\tat com.intellij.rt.testng.IDEARemoteTestNG.run(IDEARemoteTestNG.java:66)\r\n\tat com.intellij.rt.testng.RemoteTestNGStarter.main(RemoteTestNGStarter.java:109)\r\n"},"stage":"finished","steps":[],"attachments":[],"parameters":[],"start":1669235326941,"stop":1669235327017}],"attachments":[],"parameters":[],"start":1669235284052,"stop":1669235327032}